2020-05-31 12:50:29,550 INFO o.a.j.u.JMeterUtils: Setting Locale to en_EN
2020-05-31 12:50:29,598 INFO o.a.j.JMeter: Loading user properties from: /usr/local/Cellar/jmeter/5.2.1/libexec/bin/user.properties
2020-05-31 12:50:29,599 INFO o.a.j.JMeter: Loading system properties from: /usr/local/Cellar/jmeter/5.2.1/libexec/bin/system.properties
2020-05-31 12:50:29,601 INFO o.a.j.JMeter: Copyright (c) 1998-2019 The Apache Software Foundation
2020-05-31 12:50:29,601 INFO o.a.j.JMeter: Version 5.2.1
2020-05-31 12:50:29,601 INFO o.a.j.JMeter: java.version=1.8.0_242
2020-05-31 12:50:29,601 INFO o.a.j.JMeter: java.vm.name=OpenJDK 64-Bit Server VM
2020-05-31 12:50:29,601 INFO o.a.j.JMeter: os.name=Mac OS X
2020-05-31 12:50:29,601 INFO o.a.j.JMeter: os.arch=x86_64
2020-05-31 12:50:29,601 INFO o.a.j.JMeter: os.version=10.15.3
2020-05-31 12:50:29,601 INFO o.a.j.JMeter: file.encoding=UTF-8
2020-05-31 12:50:29,601 INFO o.a.j.JMeter: java.awt.headless=null
2020-05-31 12:50:29,601 INFO o.a.j.JMeter: Max memory     =1073741824
2020-05-31 12:50:29,601 INFO o.a.j.JMeter: Available Processors =16
2020-05-31 12:50:29,607 INFO o.a.j.JMeter: Default Locale=English (EN)
2020-05-31 12:50:29,607 INFO o.a.j.JMeter: JMeter  Locale=English (EN)
2020-05-31 12:50:29,607 INFO o.a.j.JMeter: JMeterHome=/usr/local/Cellar/jmeter/5.2.1/libexec
2020-05-31 12:50:29,608 INFO o.a.j.JMeter: user.dir  =/Users/jmohammed/recapproject/demo2034
2020-05-31 12:50:29,608 INFO o.a.j.JMeter: PWD       =/Users/jmohammed/recapproject/demo2034
2020-05-31 12:50:29,609 INFO o.a.j.JMeter: IP: 127.0.0.1 Name: LGX01001004-US.local FullName: localhost
2020-05-31 12:50:33,186 INFO o.a.j.g.a.LookAndFeelCommand: Installing Darcula LAF
2020-05-31 12:50:33,205 INFO o.a.j.g.a.LookAndFeelCommand: Using look and feel: com.bulenkov.darcula.DarculaLaf [Darcula]
2020-05-31 12:50:33,205 INFO o.a.j.JMeter: Setting LAF to: com.bulenkov.darcula.DarculaLaf
2020-05-31 12:50:33,280 INFO o.a.j.JMeter: Loaded icon properties from org/apache/jmeter/images/icon.properties
2020-05-31 12:50:34,048 INFO o.j.r.JARSourceHTTP: Requesting https://jmeter-plugins.org/repo/?installID=mac_os_x-9ca54699653ced03f9d0ab9f2199b1be-gui
2020-05-31 12:50:34,984 INFO o.j.r.PluginManager: Plugins Status: [jpgc-plugins-manager=1.3, jmeter-core=5.2.1, jmeter-ftp=5.2.1, jmeter-http=5.2.1, jmeter-jdbc=5.2.1, jmeter-jms=5.2.1, jmeter-junit=5.2.1, jmeter-java=5.2.1, jmeter-ldap=5.2.1, jmeter-mail=5.2.1, jmeter-mongodb=5.2.1, jmeter-native=5.2.1, jmeter-tcp=5.2.1, jmeter-components=5.2.1]
2020-05-31 12:50:34,985 INFO o.j.r.PluginManagerMenuItem: Plugins Manager has upgrades: [jpgc-plugins-manager]
2020-05-31 12:50:35,808 INFO o.a.j.p.h.s.HTTPSamplerBase: Parser for text/html is org.apache.jmeter.protocol.http.parser.LagartoBasedHtmlParser
2020-05-31 12:50:35,808 INFO o.a.j.p.h.s.HTTPSamplerBase: Parser for application/xhtml+xml is org.apache.jmeter.protocol.http.parser.LagartoBasedHtmlParser
2020-05-31 12:50:35,808 INFO o.a.j.p.h.s.HTTPSamplerBase: Parser for application/xml is org.apache.jmeter.protocol.http.parser.LagartoBasedHtmlParser
2020-05-31 12:50:35,808 INFO o.a.j.p.h.s.HTTPSamplerBase: Parser for text/xml is org.apache.jmeter.protocol.http.parser.LagartoBasedHtmlParser
2020-05-31 12:50:35,809 INFO o.a.j.p.h.s.HTTPSamplerBase: Parser for text/vnd.wap.wml is org.apache.jmeter.protocol.http.parser.RegexpHTMLParser
2020-05-31 12:50:35,809 INFO o.a.j.p.h.s.HTTPSamplerBase: Parser for text/css is org.apache.jmeter.protocol.http.parser.CssParser
2020-05-31 12:50:36,168 INFO o.a.j.e.KeyToolUtils: keytool found at 'keytool'
2020-05-31 12:50:36,168 INFO o.a.j.p.h.p.ProxyControl: HTTP(S) Test Script Recorder SSL Proxy will use keys that support embedded 3rd party resources in file /usr/local/Cellar/jmeter/5.2.1/libexec/bin/proxyserver.jks
2020-05-31 12:50:36,275 INFO o.a.j.s.FileServer: Default base='/Users/jmohammed/recapproject/demo2034'
2020-05-31 12:50:36,520 INFO o.a.j.s.SampleResult: Note: Sample TimeStamps are START times
2020-05-31 12:50:36,520 INFO o.a.j.s.SampleResult: sampleresult.default.encoding is set to ISO-8859-1
2020-05-31 12:50:36,520 INFO o.a.j.s.SampleResult: sampleresult.useNanoTime=true
2020-05-31 12:50:36,521 INFO o.a.j.s.SampleResult: sampleresult.nanoThreadSleep=5000
2020-05-31 12:50:36,543 INFO o.a.j.v.ViewResultsFullVisualizer: Add JavaFX to your Java installation if you want to use renderer: org.apache.jmeter.visualizers.RenderInBrowser
2020-05-31 12:54:16,975 INFO o.a.j.v.ViewResultsFullVisualizer: Add JavaFX to your Java installation if you want to use renderer: org.apache.jmeter.visualizers.RenderInBrowser
2020-05-31 12:55:51,671 INFO o.a.j.s.FileServer: Set new base='/Users/jmohammed/recapproject/demo2034'
2020-05-31 12:55:51,806 INFO o.a.j.s.SaveService: Testplan (JMX) version: 2.2. Testlog (JTL) version: 2.2
2020-05-31 12:55:51,811 INFO o.a.j.s.SaveService: Using SaveService properties file encoding UTF-8
2020-05-31 12:55:51,812 INFO o.a.j.s.SaveService: Using SaveService properties version 5.0
2020-05-31 12:56:21,187 INFO o.a.j.e.StandardJMeterEngine: Running the test!
2020-05-31 12:56:21,188 INFO o.a.j.s.SampleEvent: List of sample_variables: []
2020-05-31 12:56:21,188 INFO o.a.j.s.SampleEvent: List of sample_variables: []
2020-05-31 12:56:21,190 INFO o.a.j.e.u.CompoundVariable: Note: Function class names must contain the string: '.functions.'
2020-05-31 12:56:21,190 INFO o.a.j.e.u.CompoundVariable: Note: Function class names must not contain the string: '.gui.'
2020-05-31 12:56:21,425 INFO o.a.j.g.u.JMeterMenuBar: setRunning(true, *local*)
2020-05-31 12:56:21,557 INFO o.a.j.e.StandardJMeterEngine: Starting ThreadGroup: 1 : Thread Group
2020-05-31 12:56:21,557 INFO o.a.j.e.StandardJMeterEngine: Starting 10 threads for group Thread Group.
2020-05-31 12:56:21,557 INFO o.a.j.e.StandardJMeterEngine: Thread will continue on error
2020-05-31 12:56:21,558 INFO o.a.j.t.ThreadGroup: Starting thread group... number=1 threads=10 ramp-up=100 delayedStart=false
2020-05-31 12:56:21,562 INFO o.a.j.t.JMeterThread: Thread started: Thread Group 1-1
2020-05-31 12:56:21,567 INFO o.a.j.t.ThreadGroup: Started thread group number 1
2020-05-31 12:56:21,567 INFO o.a.j.e.StandardJMeterEngine: All thread groups have been started
2020-05-31 12:56:21,574 INFO o.a.j.p.h.s.HTTPHCAbstractImpl: Local host = LGX01001004-US.local
2020-05-31 12:56:21,579 INFO o.a.j.p.h.s.HTTPHC4Impl: HTTP request retry count = 0
2020-05-31 12:56:21,655 INFO o.a.j.p.h.s.h.LazyLayeredConnectionSocketFactory: Setting up HTTPS TrustAll Socket Factory
2020-05-31 12:56:21,657 INFO o.a.j.u.JsseSSLManager: Using default SSL protocol: TLS
2020-05-31 12:56:21,657 INFO o.a.j.u.JsseSSLManager: SSL session context: per-thread
2020-05-31 12:56:21,677 INFO o.a.j.u.SSLManager: JmeterKeyStore Location:  type JKS
2020-05-31 12:56:21,678 INFO o.a.j.u.SSLManager: KeyStore created OK
2020-05-31 12:56:21,678 WARN o.a.j.u.SSLManager: Keystore file not found, loading empty keystore
2020-05-31 12:56:31,564 INFO o.a.j.t.JMeterThread: Thread started: Thread Group 1-2
2020-05-31 12:56:41,565 INFO o.a.j.t.JMeterThread: Thread started: Thread Group 1-3
2020-05-31 12:56:44,873 INFO o.a.j.t.JMeterThread: Thread is done: Thread Group 1-1
2020-05-31 12:56:44,873 INFO o.a.j.t.JMeterThread: Thread is done: Thread Group 1-3
2020-05-31 12:56:44,873 INFO o.a.j.t.JMeterThread: Thread finished: Thread Group 1-1
2020-05-31 12:56:44,873 INFO o.a.j.t.JMeterThread: Thread finished: Thread Group 1-3
2020-05-31 12:56:45,834 INFO o.a.j.t.JMeterThread: Thread is done: Thread Group 1-2
2020-05-31 12:56:45,834 INFO o.a.j.t.JMeterThread: Thread finished: Thread Group 1-2
2020-05-31 12:56:51,565 INFO o.a.j.t.JMeterThread: Thread started: Thread Group 1-4
2020-05-31 12:56:51,807 INFO o.a.j.t.JMeterThread: Thread is done: Thread Group 1-4
2020-05-31 12:56:51,807 INFO o.a.j.t.JMeterThread: Thread finished: Thread Group 1-4
2020-05-31 12:57:01,565 INFO o.a.j.t.JMeterThread: Thread started: Thread Group 1-5
2020-05-31 12:57:01,797 INFO o.a.j.t.JMeterThread: Thread is done: Thread Group 1-5
2020-05-31 12:57:01,797 INFO o.a.j.t.JMeterThread: Thread finished: Thread Group 1-5
2020-05-31 12:57:11,565 INFO o.a.j.t.JMeterThread: Thread started: Thread Group 1-6
2020-05-31 12:57:11,808 INFO o.a.j.t.JMeterThread: Thread is done: Thread Group 1-6
2020-05-31 12:57:11,808 INFO o.a.j.t.JMeterThread: Thread finished: Thread Group 1-6
2020-05-31 12:57:21,564 INFO o.a.j.t.JMeterThread: Thread started: Thread Group 1-7
2020-05-31 12:57:21,801 INFO o.a.j.t.JMeterThread: Thread is done: Thread Group 1-7
2020-05-31 12:57:21,801 INFO o.a.j.t.JMeterThread: Thread finished: Thread Group 1-7
2020-05-31 12:57:31,563 INFO o.a.j.t.JMeterThread: Thread started: Thread Group 1-8
2020-05-31 12:57:31,817 INFO o.a.j.t.JMeterThread: Thread is done: Thread Group 1-8
2020-05-31 12:57:31,817 INFO o.a.j.t.JMeterThread: Thread finished: Thread Group 1-8
2020-05-31 12:57:41,559 INFO o.a.j.t.JMeterThread: Thread started: Thread Group 1-9
2020-05-31 12:57:41,853 INFO o.a.j.t.JMeterThread: Thread is done: Thread Group 1-9
2020-05-31 12:57:41,853 INFO o.a.j.t.JMeterThread: Thread finished: Thread Group 1-9
2020-05-31 12:57:51,564 INFO o.a.j.t.JMeterThread: Thread started: Thread Group 1-10
2020-05-31 12:57:51,812 INFO o.a.j.t.JMeterThread: Thread is done: Thread Group 1-10
2020-05-31 12:57:51,812 INFO o.a.j.t.JMeterThread: Thread finished: Thread Group 1-10
2020-05-31 12:57:51,812 INFO o.a.j.e.StandardJMeterEngine: Notifying test listeners of end of test
2020-05-31 12:57:51,813 INFO o.a.j.g.u.JMeterMenuBar: setRunning(false, *local*)
